Arguments: 
  /usr/local/bin/node /usr/local/bin/yarn

PATH: 
  /Users/qwang/document/flutter/bin:/usr/local/bin:/usr/bin:/bin:/usr/sbin:/sbin:/Applications/VMware Fusion.app/Contents/Public:/usr/local/mysql/bin:/usr/local/opt/go/libexec/bin:/usr/local/Cellar/go/1.10.1/bin:/Users/qwang/.composer/vendor/bin

Yarn version: 
  1.9.4

Node version: 
  10.0.0

Platform: 
  darwin x64

Trace: 
  Error: ENOENT: no such file or directory, copyfile '/Users/qwang/Library/Caches/Yarn/v2/npm-inherits-2.0.1-b17d08d326b4423e568eff719f91b0b1cbdf69f1/package.json' -> '/Users/qwang/workspace/ts-react/node_modules/assert/node_modules/inherits/package.json'

npm manifest: 
  {
    "name": "ts-react",
    "version": "1.0.0",
    "description": "",
    "main": "index.js",
    "scripts": {
      "start": "npm run dev",
      "lint": "tslint --type-check --project ./tsconfig.json",
      "build": "webpack --config build/webpack.config.js --mode production",
      "dev": "cross-env APP_ENV=dev webpack-dev-server --config build/webpack.config.js --mode development"
    },
    "keywords": [],
    "author": "",
    "license": "ISC",
    "dependencies": {
      "antd": "git+http://qwang1113:deploy@28ty.cn:10080/qwang1113/antd-adaptive.git",
      "lodash": "^4.17.11",
      "md5": "^2.2.1",
      "mobx": "^5.9.0",
      "mobx-react": "^5.4.3",
      "moment": "^2.24.0",
      "react": "^16.8.1",
      "react-dom": "^16.8.1",
      "react-router-dom": "^4.3.1"
    },
    "devDependencies": {
      "@types/node": "^10.12.24",
      "@types/react": "^16.8.2",
      "@types/react-dom": "^16.8.0",
      "autoprefixer": "9.3.1",
      "cache-loader": "^2.0.1",
      "case-sensitive-paths-webpack-plugin": "^2.2.0",
      "cross-env": "^5.2.0",
      "css-loader": "^2.1.0",
      "cssnano": "^4.1.8",
      "fs-extra": "^7.0.1",
      "html-webpack-plugin": "^3.2.0",
      "less": "^3.9.0",
      "less-loader": "^4.1.0",
      "mini-css-extract-plugin": "^0.5.0",
      "moment-locales-webpack-plugin": "^1.0.7",
      "optimize-css-assets-webpack-plugin": "^5.0.1",
      "postcss-loader": "^3.0.0",
      "style-loader": "^0.23.1",
      "terser-webpack-plugin": "^1.2.2",
      "ts-import-plugin": "^1.5.5",
      "ts-loader": "^5.3.3",
      "tsconfig-paths-webpack-plugin": "^3.2.0",
      "typescript": "^3.3.3",
      "url-loader": "^1.1.2",
      "webpack": "^4.29.3",
      "webpack-cli": "^3.2.3",
      "webpack-dev-server": "^3.1.14"
    }
  }

yarn manifest: 
  No manifest

Lockfile: 
  No lockfile
